WARNING:root:b'{"validation_error":{"couriers":[{"id":0,"courier_id":"Id must be positive integer"}]}}'
WARNING:root:b'{"couriers":[{"id":1}]}'
WARNING:root:b'{"couriers":[{"id":2}]}'
WARNING:root:b'{"couriers":[{"id":3}]}'
WARNING:root:b'{"couriers":[{"id":4}]}'
WARNING:root:b'{"couriers":[{"id":5}]}'
WARNING:root:b'{"couriers":[{"id":6}]}'
WARNING:root:b'{"couriers":[{"id":7}]}'
WARNING:root:b'{"couriers":[{"id":8}]}'
WARNING:root:b'{"couriers":[{"id":9}]}'
WARNING:root:b'{"couriers":[{"id":10}]}'
WARNING:root:b'{"couriers":[{"id":11}]}'
WARNING:root:b'{"couriers":[{"id":12}]}'
WARNING:root:b'{"couriers":[{"id":13}]}'
WARNING:root:b'{"couriers":[{"id":14}]}'
WARNING:root:b'{"couriers":[{"id":15}]}'
WARNING:root:b'{"couriers":[{"id":16}]}'
WARNING:root:b'{"couriers":[{"id":17}]}'
WARNING:root:b'{"couriers":[{"id":18}]}'
WARNING:root:b'{"couriers":[{"id":19}]}'
WARNING:root:b'{"couriers":[{"id":20}]}'
WARNING:root:b'{"couriers":[{"id":21}]}'
WARNING:root:b'{"couriers":[{"id":22}]}'
WARNING:root:b'{"couriers":[{"id":23}]}'
WARNING:root:b'{"couriers":[{"id":24}]}'
WARNING:root:b'{"couriers":[{"id":25}]}'
WARNING:root:b'{"couriers":[{"id":26}]}'
WARNING:root:b'{"couriers":[{"id":27}]}'
WARNING:root:b'{"couriers":[{"id":28}]}'
WARNING:root:b'{"couriers":[{"id":29}]}'
WARNING:root:b'{"couriers":[{"id":30}]}'
WARNING:root:b'{"couriers":[{"id":31}]}'
WARNING:root:b'{"couriers":[{"id":32}]}'
WARNING:root:b'{"couriers":[{"id":33}]}'
WARNING:root:b'{"couriers":[{"id":34}]}'
WARNING:root:b'{"couriers":[{"id":35}]}'
WARNING:root:b'{"couriers":[{"id":36}]}'
WARNING:root:b'{"couriers":[{"id":37}]}'
WARNING:root:b'{"couriers":[{"id":38}]}'
WARNING:root:b'{"couriers":[{"id":39}]}'
WARNING:root:b'{"couriers":[{"id":40}]}'
WARNING:root:b'{"couriers":[{"id":41}]}'
WARNING:root:b'{"couriers":[{"id":42}]}'
WARNING:root:b'{"couriers":[{"id":43}]}'
WARNING:root:b'{"couriers":[{"id":44}]}'
WARNING:root:b'{"couriers":[{"id":45}]}'
WARNING:root:b'{"couriers":[{"id":46}]}'
WARNING:root:b'{"couriers":[{"id":47}]}'
WARNING:root:b'{"couriers":[{"id":48}]}'
WARNING:root:b'{"couriers":[{"id":49}]}'
WARNING:root:b'{"couriers":[{"id":50}]}'
WARNING:root:b'{"couriers":[{"id":51}]}'
WARNING:root:b'{"couriers":[{"id":52}]}'
WARNING:root:b'{"couriers":[{"id":53}]}'
WARNING:root:b'{"couriers":[{"id":54}]}'
WARNING:root:b'{"couriers":[{"id":55}]}'
WARNING:root:b'{"couriers":[{"id":56}]}'
WARNING:root:b'{"couriers":[{"id":57}]}'
WARNING:root:b'{"couriers":[{"id":58}]}'
WARNING:root:b'{"couriers":[{"id":59}]}'
WARNING:root:b'{"couriers":[{"id":60}]}'
WARNING:root:b'{"couriers":[{"id":61}]}'
WARNING:root:b'{"couriers":[{"id":62}]}'
WARNING:root:b'{"couriers":[{"id":63}]}'
WARNING:root:b'{"couriers":[{"id":64}]}'
WARNING:root:b'{"couriers":[{"id":65}]}'
WARNING:root:b'{"couriers":[{"id":66}]}'
WARNING:root:b'{"couriers":[{"id":67}]}'
WARNING:root:b'{"couriers":[{"id":68}]}'
WARNING:root:b'{"couriers":[{"id":69}]}'
WARNING:root:b'{"couriers":[{"id":70}]}'
WARNING:root:b'{"couriers":[{"id":71}]}'
WARNING:root:b'{"couriers":[{"id":72}]}'
WARNING:root:b'{"couriers":[{"id":73}]}'
WARNING:root:b'{"couriers":[{"id":74}]}'
WARNING:root:b'{"couriers":[{"id":75}]}'
WARNING:root:b'{"couriers":[{"id":76}]}'
WARNING:root:b'{"couriers":[{"id":77}]}'
WARNING:root:b'{"couriers":[{"id":78}]}'
WARNING:root:b'{"couriers":[{"id":79}]}'
WARNING:root:b'{"couriers":[{"id":80}]}'
WARNING:root:b'{"couriers":[{"id":81}]}'
WARNING:root:b'{"couriers":[{"id":82}]}'
WARNING:root:b'{"couriers":[{"id":83}]}'
WARNING:root:b'{"couriers":[{"id":84}]}'
WARNING:root:b'{"couriers":[{"id":85}]}'
WARNING:root:b'{"couriers":[{"id":86}]}'
WARNING:root:b'{"couriers":[{"id":87}]}'
WARNING:root:b'{"couriers":[{"id":88}]}'
WARNING:root:b'{"couriers":[{"id":89}]}'
WARNING:root:b'{"couriers":[{"id":90}]}'
WARNING:root:b'{"couriers":[{"id":91}]}'
WARNING:root:b'{"couriers":[{"id":92}]}'
WARNING:root:b'{"couriers":[{"id":93}]}'
WARNING:root:b'{"couriers":[{"id":94}]}'
WARNING:root:b'{"couriers":[{"id":95}]}'
WARNING:root:b'{"couriers":[{"id":96}]}'
WARNING:root:b'{"couriers":[{"id":97}]}'
WARNING:root:b'{"couriers":[{"id":98}]}'
WARNING:root:b'{"couriers":[{"id":99}]}'
WARNING:root:b'{"couriers":[{"id":100}]}'
WARNING:root:b'{"couriers":[{"id":101}]}'
WARNING:root:b'{"couriers":[{"id":102}]}'
WARNING:root:b'{"couriers":[{"id":103}]}'
WARNING:root:b'{"couriers":[{"id":104}]}'
WARNING:root:b'{"couriers":[{"id":105}]}'
WARNING:root:b'{"couriers":[{"id":106}]}'
WARNING:root:b'{"couriers":[{"id":107}]}'
WARNING:root:b'{"couriers":[{"id":108}]}'
WARNING:root:b'{"couriers":[{"id":109}]}'
WARNING:root:b'{"couriers":[{"id":110}]}'
WARNING:root:b'{"couriers":[{"id":111}]}'
WARNING:root:b'{"couriers":[{"id":112}]}'
WARNING:root:b'{"couriers":[{"id":113}]}'
WARNING:root:b'{"couriers":[{"id":114}]}'
WARNING:root:b'{"couriers":[{"id":115}]}'
WARNING:root:b'{"couriers":[{"id":116}]}'
WARNING:root:b'{"couriers":[{"id":117}]}'
WARNING:root:b'{"couriers":[{"id":118}]}'
WARNING:root:b'{"couriers":[{"id":119}]}'
WARNING:root:b'{"couriers":[{"id":120}]}'
WARNING:root:b'{"couriers":[{"id":121}]}'
WARNING:root:b'{"couriers":[{"id":122}]}'
WARNING:root:b'{"couriers":[{"id":123}]}'
WARNING:root:b'{"couriers":[{"id":124}]}'
WARNING:root:b'{"couriers":[{"id":125}]}'
WARNING:root:b'{"couriers":[{"id":126}]}'
WARNING:root:b'{"couriers":[{"id":127}]}'
WARNING:root:b'{"couriers":[{"id":128}]}'
WARNING:root:b'{"couriers":[{"id":129}]}'
WARNING:root:b'{"couriers":[{"id":130}]}'
WARNING:root:b'{"couriers":[{"id":131}]}'
WARNING:root:b'{"couriers":[{"id":132}]}'
WARNING:root:b'{"couriers":[{"id":133}]}'
WARNING:root:b'{"couriers":[{"id":134}]}'
WARNING:root:b'{"couriers":[{"id":135}]}'
WARNING:root:b'{"couriers":[{"id":136}]}'
WARNING:root:b'{"couriers":[{"id":137}]}'
WARNING:root:b'{"couriers":[{"id":138}]}'
WARNING:root:b'{"couriers":[{"id":139}]}'
WARNING:root:b'{"couriers":[{"id":140}]}'
WARNING:root:b'{"couriers":[{"id":141}]}'
WARNING:root:b'{"couriers":[{"id":142}]}'
WARNING:root:b'{"couriers":[{"id":143}]}'
WARNING:root:b'{"couriers":[{"id":144}]}'
WARNING:root:b'{"couriers":[{"id":145}]}'
WARNING:root:b'{"couriers":[{"id":146}]}'
WARNING:root:b'{"couriers":[{"id":147}]}'
WARNING:root:b'{"couriers":[{"id":148}]}'
WARNING:root:b'{"couriers":[{"id":149}]}'
WARNING:root:b'{"couriers":[{"id":150}]}'
WARNING:root:b'{"couriers":[{"id":151}]}'
WARNING:root:b'{"couriers":[{"id":152}]}'
WARNING:root:b'{"couriers":[{"id":153}]}'
WARNING:root:b'{"couriers":[{"id":154}]}'
WARNING:root:b'{"couriers":[{"id":155}]}'
WARNING:root:b'{"couriers":[{"id":156}]}'
WARNING:root:b'{"couriers":[{"id":157}]}'
WARNING:root:b'{"couriers":[{"id":158}]}'
WARNING:root:b'{"couriers":[{"id":159}]}'
WARNING:root:b'{"couriers":[{"id":160}]}'
WARNING:root:b'{"couriers":[{"id":161}]}'
WARNING:root:b'{"couriers":[{"id":162}]}'
WARNING:root:b'{"couriers":[{"id":163}]}'
WARNING:root:b'{"couriers":[{"id":164}]}'
WARNING:root:b'{"couriers":[{"id":165}]}'
WARNING:root:b'{"couriers":[{"id":166}]}'
WARNING:root:b'{"couriers":[{"id":167}]}'
WARNING:root:b'{"couriers":[{"id":168}]}'
WARNING:root:b'{"couriers":[{"id":169}]}'
WARNING:root:b'{"couriers":[{"id":170}]}'
WARNING:root:b'{"couriers":[{"id":171}]}'
WARNING:root:b'{"couriers":[{"id":172}]}'
WARNING:root:b'{"couriers":[{"id":173}]}'
WARNING:root:b'{"couriers":[{"id":174}]}'
WARNING:root:b'{"couriers":[{"id":175}]}'
WARNING:root:b'{"couriers":[{"id":176}]}'
WARNING:root:b'{"couriers":[{"id":177}]}'
WARNING:root:b'{"couriers":[{"id":178}]}'
WARNING:root:b'{"couriers":[{"id":179}]}'
WARNING:root:b'{"couriers":[{"id":180}]}'
WARNING:root:b'{"couriers":[{"id":181}]}'
WARNING:root:b'{"couriers":[{"id":182}]}'
WARNING:root:b'{"couriers":[{"id":183}]}'
WARNING:root:b'{"couriers":[{"id":184}]}'
WARNING:root:b'{"couriers":[{"id":185}]}'
WARNING:root:b'{"couriers":[{"id":186}]}'
WARNING:root:b'{"couriers":[{"id":187}]}'
WARNING:root:b'{"couriers":[{"id":188}]}'
WARNING:root:b'{"couriers":[{"id":189}]}'
WARNING:root:b'{"couriers":[{"id":190}]}'
WARNING:root:b'{"couriers":[{"id":191}]}'
WARNING:root:b'{"couriers":[{"id":192}]}'
WARNING:root:b'{"couriers":[{"id":193}]}'
WARNING:root:b'{"couriers":[{"id":194}]}'
WARNING:root:b'{"couriers":[{"id":195}]}'
WARNING:root:b'{"couriers":[{"id":196}]}'
WARNING:root:b'{"couriers":[{"id":197}]}'
WARNING:root:b'{"couriers":[{"id":198}]}'
WARNING:root:b'{"couriers":[{"id":199}]}'
WARNING:root:b'{"couriers":[{"id":200}]}'
WARNING:root:b'{"couriers":[{"id":201}]}'
WARNING:root:b'{"couriers":[{"id":202}]}'
WARNING:root:b'{"couriers":[{"id":203}]}'
WARNING:root:b'{"couriers":[{"id":204}]}'
WARNING:root:b'{"couriers":[{"id":205}]}'
WARNING:root:b'{"couriers":[{"id":206}]}'
WARNING:root:b'{"couriers":[{"id":207}]}'
WARNING:root:b'{"couriers":[{"id":208}]}'
WARNING:root:b'{"couriers":[{"id":209}]}'
WARNING:root:b'{"couriers":[{"id":210}]}'
WARNING:root:b'{"couriers":[{"id":211}]}'
WARNING:root:b'{"couriers":[{"id":212}]}'
WARNING:root:b'{"couriers":[{"id":213}]}'
WARNING:root:b'{"couriers":[{"id":214}]}'
WARNING:root:b'{"couriers":[{"id":215}]}'
WARNING:root:b'{"couriers":[{"id":216}]}'
WARNING:root:b'{"couriers":[{"id":217}]}'
WARNING:root:b'{"couriers":[{"id":218}]}'
WARNING:root:b'{"couriers":[{"id":219}]}'
WARNING:root:b'{"couriers":[{"id":220}]}'
WARNING:root:b'{"couriers":[{"id":221}]}'
WARNING:root:b'{"couriers":[{"id":222}]}'
WARNING:root:b'{"couriers":[{"id":223}]}'
WARNING:root:b'{"couriers":[{"id":224}]}'
WARNING:root:b'{"couriers":[{"id":225}]}'
WARNING:root:b'{"couriers":[{"id":226}]}'
WARNING:root:b'{"couriers":[{"id":227}]}'
WARNING:root:b'{"couriers":[{"id":228}]}'
WARNING:root:b'{"couriers":[{"id":229}]}'
WARNING:root:b'{"couriers":[{"id":230}]}'
WARNING:root:b'{"couriers":[{"id":231}]}'
WARNING:root:b'{"couriers":[{"id":232}]}'
WARNING:root:b'{"couriers":[{"id":233}]}'
WARNING:root:b'{"couriers":[{"id":234}]}'
WARNING:root:b'{"couriers":[{"id":235}]}'
WARNING:root:b'{"couriers":[{"id":236}]}'
WARNING:root:b'{"couriers":[{"id":237}]}'
WARNING:root:b'{"couriers":[{"id":238}]}'
WARNING:root:b'{"couriers":[{"id":239}]}'
WARNING:root:b'{"couriers":[{"id":240}]}'
WARNING:root:b'{"couriers":[{"id":241}]}'
WARNING:root:b'{"couriers":[{"id":242}]}'
WARNING:root:b'{"couriers":[{"id":243}]}'
WARNING:root:b'{"couriers":[{"id":244}]}'
WARNING:root:b'{"couriers":[{"id":245}]}'
WARNING:root:b'{"couriers":[{"id":246}]}'
WARNING:root:b'{"couriers":[{"id":247}]}'
WARNING:root:b'{"couriers":[{"id":248}]}'
WARNING:root:b'{"couriers":[{"id":249}]}'
WARNING:root:b'{"couriers":[{"id":250}]}'
WARNING:root:b'{"couriers":[{"id":251}]}'
WARNING:root:b'{"couriers":[{"id":252}]}'
WARNING:root:b'{"couriers":[{"id":253}]}'
WARNING:root:b'{"couriers":[{"id":254}]}'
WARNING:root:b'{"couriers":[{"id":255}]}'
WARNING:root:b'{"couriers":[{"id":256}]}'
WARNING:root:b'{"couriers":[{"id":257}]}'
WARNING:root:b'{"couriers":[{"id":258}]}'
WARNING:root:b'{"couriers":[{"id":259}]}'
WARNING:root:b'{"couriers":[{"id":260}]}'
WARNING:root:b'{"couriers":[{"id":261}]}'
WARNING:root:b'{"couriers":[{"id":262}]}'
WARNING:root:b'{"couriers":[{"id":263}]}'
WARNING:root:b'{"couriers":[{"id":264}]}'
WARNING:root:b'{"couriers":[{"id":265}]}'
WARNING:root:b'{"couriers":[{"id":266}]}'
WARNING:root:b'{"couriers":[{"id":267}]}'
WARNING:root:b'{"couriers":[{"id":268}]}'
WARNING:root:b'{"couriers":[{"id":269}]}'
WARNING:root:b'{"couriers":[{"id":270}]}'
WARNING:root:b'{"couriers":[{"id":271}]}'
WARNING:root:b'{"couriers":[{"id":272}]}'
WARNING:root:b'{"couriers":[{"id":273}]}'
WARNING:root:b'{"couriers":[{"id":274}]}'
WARNING:root:b'{"couriers":[{"id":275}]}'
WARNING:root:b'{"couriers":[{"id":276}]}'
WARNING:root:b'{"couriers":[{"id":277}]}'
WARNING:root:b'{"couriers":[{"id":278}]}'
WARNING:root:b'{"couriers":[{"id":279}]}'
WARNING:root:b'{"couriers":[{"id":280}]}'
WARNING:root:b'{"couriers":[{"id":281}]}'
WARNING:root:b'{"couriers":[{"id":282}]}'
WARNING:root:b'{"couriers":[{"id":283}]}'
WARNING:root:b'{"couriers":[{"id":284}]}'
WARNING:root:b'{"couriers":[{"id":285}]}'
WARNING:root:b'{"couriers":[{"id":286}]}'
WARNING:root:b'{"couriers":[{"id":287}]}'
WARNING:root:b'{"couriers":[{"id":288}]}'
WARNING:root:b'{"couriers":[{"id":289}]}'
WARNING:root:b'{"couriers":[{"id":290}]}'
WARNING:root:b'{"couriers":[{"id":291}]}'
WARNING:root:b'{"couriers":[{"id":292}]}'
WARNING:root:b'{"couriers":[{"id":293}]}'
WARNING:root:b'{"couriers":[{"id":294}]}'
WARNING:root:b'{"couriers":[{"id":295}]}'
WARNING:root:b'{"couriers":[{"id":296}]}'
WARNING:root:b'{"couriers":[{"id":297}]}'
WARNING:root:b'{"couriers":[{"id":298}]}'
WARNING:root:b'{"couriers":[{"id":299}]}'
WARNING:root:b'{"couriers":[{"id":300}]}'
WARNING:root:b'{"couriers":[{"id":301}]}'
WARNING:root:b'{"couriers":[{"id":302}]}'
WARNING:root:b'{"couriers":[{"id":303}]}'
WARNING:root:b'{"couriers":[{"id":304}]}'
WARNING:root:b'{"couriers":[{"id":305}]}'
WARNING:root:b'{"couriers":[{"id":306}]}'
WARNING:root:b'{"couriers":[{"id":307}]}'
WARNING:root:b'{"couriers":[{"id":308}]}'
WARNING:root:b'{"couriers":[{"id":309}]}'
WARNING:root:b'{"couriers":[{"id":310}]}'
WARNING:root:b'{"couriers":[{"id":311}]}'
WARNING:root:b'{"couriers":[{"id":312}]}'
WARNING:root:b'{"couriers":[{"id":313}]}'
WARNING:root:b'{"couriers":[{"id":314}]}'
WARNING:root:b'{"couriers":[{"id":315}]}'
WARNING:root:b'{"couriers":[{"id":316}]}'
WARNING:root:b'{"couriers":[{"id":317}]}'
WARNING:root:b'{"couriers":[{"id":318}]}'
WARNING:root:b'{"couriers":[{"id":319}]}'
WARNING:root:b'{"couriers":[{"id":320}]}'
WARNING:root:b'{"couriers":[{"id":321}]}'
WARNING:root:b'{"couriers":[{"id":322}]}'
WARNING:root:b'{"couriers":[{"id":323}]}'
WARNING:root:b'{"couriers":[{"id":324}]}'
WARNING:root:b'{"couriers":[{"id":325}]}'
WARNING:root:b'{"couriers":[{"id":326}]}'
WARNING:root:b'{"couriers":[{"id":327}]}'
WARNING:root:b'{"couriers":[{"id":328}]}'
WARNING:root:b'{"couriers":[{"id":329}]}'
WARNING:root:b'{"couriers":[{"id":330}]}'
WARNING:root:b'{"couriers":[{"id":331}]}'
WARNING:root:b'{"couriers":[{"id":332}]}'
WARNING:root:b'{"couriers":[{"id":333}]}'
WARNING:root:b'{"couriers":[{"id":334}]}'
WARNING:root:b'{"couriers":[{"id":335}]}'
WARNING:root:b'{"couriers":[{"id":336}]}'
WARNING:root:b'{"couriers":[{"id":337}]}'
WARNING:root:b'{"couriers":[{"id":338}]}'
WARNING:root:b'{"couriers":[{"id":339}]}'
WARNING:root:b'{"couriers":[{"id":340}]}'
WARNING:root:b'{"couriers":[{"id":341}]}'
WARNING:root:b'{"couriers":[{"id":342}]}'
WARNING:root:b'{"couriers":[{"id":343}]}'
WARNING:root:b'{"couriers":[{"id":344}]}'
WARNING:root:b'{"couriers":[{"id":345}]}'
WARNING:root:b'{"couriers":[{"id":346}]}'
WARNING:root:b'{"couriers":[{"id":347}]}'
WARNING:root:b'{"couriers":[{"id":348}]}'
WARNING:root:b'{"couriers":[{"id":349}]}'
WARNING:root:b'{"couriers":[{"id":350}]}'
WARNING:root:b'{"couriers":[{"id":351}]}'
WARNING:root:b'{"couriers":[{"id":352}]}'
WARNING:root:b'{"couriers":[{"id":353}]}'
WARNING:root:b'{"couriers":[{"id":354}]}'
WARNING:root:b'{"couriers":[{"id":355}]}'
WARNING:root:b'{"couriers":[{"id":356}]}'
WARNING:root:b'{"couriers":[{"id":357}]}'
WARNING:root:b'{"couriers":[{"id":358}]}'
WARNING:root:b'{"couriers":[{"id":359}]}'
WARNING:root:b'{"couriers":[{"id":360}]}'
WARNING:root:b'{"couriers":[{"id":361}]}'
WARNING:root:b'{"couriers":[{"id":362}]}'
WARNING:root:b'{"couriers":[{"id":363}]}'
WARNING:root:b'{"couriers":[{"id":364}]}'
WARNING:root:b'{"couriers":[{"id":365}]}'
WARNING:root:b'{"couriers":[{"id":366}]}'
WARNING:root:b'{"couriers":[{"id":367}]}'
WARNING:root:b'{"couriers":[{"id":368}]}'
WARNING:root:b'{"couriers":[{"id":369}]}'
WARNING:root:b'{"couriers":[{"id":370}]}'
WARNING:root:b'{"couriers":[{"id":371}]}'
WARNING:root:b'{"couriers":[{"id":372}]}'
WARNING:root:b'{"couriers":[{"id":373}]}'
WARNING:root:b'{"couriers":[{"id":374}]}'
WARNING:root:b'{"couriers":[{"id":375}]}'
WARNING:root:b'{"couriers":[{"id":376}]}'
WARNING:root:b'{"couriers":[{"id":377}]}'
WARNING:root:b'{"validation_error":{"couriers":[{"id":0,"courier_id":"Id must be positive integer"}]}}'
WARNING:root:b'{"couriers":[{"id":1}]}'
WARNING:root:b'{"couriers":[{"id":2}]}'
WARNING:root:b'{"couriers":[{"id":3}]}'
WARNING:root:b'{"couriers":[{"id":4}]}'
WARNING:root:b'{"couriers":[{"id":5}]}'
WARNING:root:b'{"couriers":[{"id":6}]}'
WARNING:root:b'{"couriers":[{"id":7}]}'
WARNING:root:b'{"couriers":[{"id":8}]}'
WARNING:root:b'{"couriers":[{"id":9}]}'
WARNING:root:b'{"validation_error":{"orders":[{"id":0,"order_id":"Id must be positive integer"}]}}'
WARNING:root:b'{"orders":[{"id":1}]}'
WARNING:root:b'{"orders":[{"id":2}]}'
WARNING:root:b'{"orders":[{"id":3}]}'
WARNING:root:b'{"orders":[{"id":4}]}'
WARNING:root:b'{"orders":[{"id":5}]}'
WARNING:root:b'{"orders":[{"id":6}]}'
WARNING:root:b'{"orders":[{"id":7}]}'
WARNING:root:b'{"orders":[{"id":8}]}'
WARNING:root:b'{"orders":[{"id":9}]}'
WARNING:root:b'<html>\r\n<head><title>502 Bad Gateway</title></head>\r\n<body>\r\n<center><h1>502 Bad Gateway</h1></center>\r\n<hr><center>nginx/1.21.1</center>\r\n</body>\r\n</html>\r\n'
WARNING:root:b'<html>\r\n<head><title>502 Bad Gateway</title></head>\r\n<body>\r\n<center><h1>502 Bad Gateway</h1></center>\r\n<hr><center>nginx/1.21.1</center>\r\n</body>\r\n</html>\r\n'
WARNING:root:b'<html>\r\n<head><title>502 Bad Gateway</title></head>\r\n<body>\r\n<center><h1>502 Bad Gateway</h1></center>\r\n<hr><center>nginx/1.21.1</center>\r\n</body>\r\n</html>\r\n'
WARNING:root:b'<html>\r\n<head><title>502 Bad Gateway</title></head>\r\n<body>\r\n<center><h1>502 Bad Gateway</h1></center>\r\n<hr><center>nginx/1.21.1</center>\r\n</body>\r\n</html>\r\n'
WARNING:root:b'<html>\r\n<head><title>502 Bad Gateway</title></head>\r\n<body>\r\n<center><h1>502 Bad Gateway</h1></center>\r\n<hr><center>nginx/1.21.1</center>\r\n</body>\r\n</html>\r\n'
WARNING:root:b'<html>\r\n<head><title>502 Bad Gateway</title></head>\r\n<body>\r\n<center><h1>502 Bad Gateway</h1></center>\r\n<hr><center>nginx/1.21.1</center>\r\n</body>\r\n</html>\r\n'
WARNING:root:b'<html>\r\n<head><title>502 Bad Gateway</title></head>\r\n<body>\r\n<center><h1>502 Bad Gateway</h1></center>\r\n<hr><center>nginx/1.21.1</center>\r\n</body>\r\n</html>\r\n'
WARNING:root:b'<html>\r\n<head><title>502 Bad Gateway</title></head>\r\n<body>\r\n<center><h1>502 Bad Gateway</h1></center>\r\n<hr><center>nginx/1.21.1</center>\r\n</body>\r\n</html>\r\n'
WARNING:root:b'<html>\r\n<head><title>502 Bad Gateway</title></head>\r\n<body>\r\n<center><h1>502 Bad Gateway</h1></center>\r\n<hr><center>nginx/1.21.1</center>\r\n</body>\r\n</html>\r\n'
WARNING:root:b'<html>\r\n<head><title>502 Bad Gateway</title></head>\r\n<body>\r\n<center><h1>502 Bad Gateway</h1></center>\r\n<hr><center>nginx/1.21.1</center>\r\n</body>\r\n</html>\r\n'
WARNING:root:b'<html>\r\n<head><title>502 Bad Gateway</title></head>\r\n<body>\r\n<center><h1>502 Bad Gateway</h1></center>\r\n<hr><center>nginx/1.21.1</center>\r\n</body>\r\n</html>\r\n'
WARNING:root:b'<html>\r\n<head><title>502 Bad Gateway</title></head>\r\n<body>\r\n<center><h1>502 Bad Gateway</h1></center>\r\n<hr><center>nginx/1.21.1</center>\r\n</body>\r\n</html>\r\n'
WARNING:root:b'<html>\r\n<head><title>502 Bad Gateway</title></head>\r\n<body>\r\n<center><h1>502 Bad Gateway</h1></center>\r\n<hr><center>nginx/1.21.1</center>\r\n</body>\r\n</html>\r\n'
WARNING:root:b'<html>\r\n<head><title>502 Bad Gateway</title></head>\r\n<body>\r\n<center><h1>502 Bad Gateway</h1></center>\r\n<hr><center>nginx/1.21.1</center>\r\n</body>\r\n</html>\r\n'
WARNING:root:b'<html>\r\n<head><title>502 Bad Gateway</title></head>\r\n<body>\r\n<center><h1>502 Bad Gateway</h1></center>\r\n<hr><center>nginx/1.21.1</center>\r\n</body>\r\n</html>\r\n'
WARNING:root:b'<html>\r\n<head><title>502 Bad Gateway</title></head>\r\n<body>\r\n<center><h1>502 Bad Gateway</h1></center>\r\n<hr><center>nginx/1.21.1</center>\r\n</body>\r\n</html>\r\n'
WARNING:root:b'<html>\r\n<head><title>502 Bad Gateway</title></head>\r\n<body>\r\n<center><h1>502 Bad Gateway</h1></center>\r\n<hr><center>nginx/1.21.1</center>\r\n</body>\r\n</html>\r\n'
WARNING:root:b'<html>\r\n<head><title>502 Bad Gateway</title></head>\r\n<body>\r\n<center><h1>502 Bad Gateway</h1></center>\r\n<hr><center>nginx/1.21.1</center>\r\n</body>\r\n</html>\r\n'
WARNING:root:b'<html>\r\n<head><title>502 Bad Gateway</title></head>\r\n<body>\r\n<center><h1>502 Bad Gateway</h1></center>\r\n<hr><center>nginx/1.21.1</center>\r\n</body>\r\n</html>\r\n'
WARNING:root:b'<html>\r\n<head><title>502 Bad Gateway</title></head>\r\n<body>\r\n<center><h1>502 Bad Gateway</h1></center>\r\n<hr><center>nginx/1.21.1</center>\r\n</body>\r\n</html>\r\n'
WARNING:root:b'<html>\r\n<head><title>502 Bad Gateway</title></head>\r\n<body>\r\n<center><h1>502 Bad Gateway</h1></center>\r\n<hr><center>nginx/1.21.1</center>\r\n</body>\r\n</html>\r\n'
WARNING:root:b'<html>\r\n<head><title>502 Bad Gateway</title></head>\r\n<body>\r\n<center><h1>502 Bad Gateway</h1></center>\r\n<hr><center>nginx/1.21.1</center>\r\n</body>\r\n</html>\r\n'
WARNING:root:b'<html>\r\n<head><title>502 Bad Gateway</title></head>\r\n<body>\r\n<center><h1>502 Bad Gateway</h1></center>\r\n<hr><center>nginx/1.21.1</center>\r\n</body>\r\n</html>\r\n'
WARNING:root:b'<html>\r\n<head><title>502 Bad Gateway</title></head>\r\n<body>\r\n<center><h1>502 Bad Gateway</h1></center>\r\n<hr><center>nginx/1.21.1</center>\r\n</body>\r\n</html>\r\n'
WARNING:root:b'<html>\r\n<head><title>502 Bad Gateway</title></head>\r\n<body>\r\n<center><h1>502 Bad Gateway</h1></center>\r\n<hr><center>nginx/1.21.1</center>\r\n</body>\r\n</html>\r\n'
WARNING:root:b'<html>\r\n<head><title>502 Bad Gateway</title></head>\r\n<body>\r\n<center><h1>502 Bad Gateway</h1></center>\r\n<hr><center>nginx/1.21.1</center>\r\n</body>\r\n</html>\r\n'
WARNING:root:b'<html>\r\n<head><title>502 Bad Gateway</title></head>\r\n<body>\r\n<center><h1>502 Bad Gateway</h1></center>\r\n<hr><center>nginx/1.21.1</center>\r\n</body>\r\n</html>\r\n'
WARNING:root:b'<html>\r\n<head><title>502 Bad Gateway</title></head>\r\n<body>\r\n<center><h1>502 Bad Gateway</h1></center>\r\n<hr><center>nginx/1.21.1</center>\r\n</body>\r\n</html>\r\n'
WARNING:root:b'<html>\r\n<head><title>502 Bad Gateway</title></head>\r\n<body>\r\n<center><h1>502 Bad Gateway</h1></center>\r\n<hr><center>nginx/1.21.1</center>\r\n</body>\r\n</html>\r\n'
WARNING:root:b'<html>\r\n<head><title>502 Bad Gateway</title></head>\r\n<body>\r\n<center><h1>502 Bad Gateway</h1></center>\r\n<hr><center>nginx/1.21.1</center>\r\n</body>\r\n</html>\r\n'
WARNING:root:b'<html>\r\n<head><title>502 Bad Gateway</title></head>\r\n<body>\r\n<center><h1>502 Bad Gateway</h1></center>\r\n<hr><center>nginx/1.21.1</center>\r\n</body>\r\n</html>\r\n'
WARNING:root:b'<html>\r\n<head><title>502 Bad Gateway</title></head>\r\n<body>\r\n<center><h1>502 Bad Gateway</h1></center>\r\n<hr><center>nginx/1.21.1</center>\r\n</body>\r\n</html>\r\n'
WARNING:root:b'<html>\r\n<head><title>502 Bad Gateway</title></head>\r\n<body>\r\n<center><h1>502 Bad Gateway</h1></center>\r\n<hr><center>nginx/1.21.1</center>\r\n</body>\r\n</html>\r\n'
WARNING:root:b'<html>\r\n<head><title>502 Bad Gateway</title></head>\r\n<body>\r\n<center><h1>502 Bad Gateway</h1></center>\r\n<hr><center>nginx/1.21.1</center>\r\n</body>\r\n</html>\r\n'
WARNING:root:b'<html>\r\n<head><title>502 Bad Gateway</title></head>\r\n<body>\r\n<center><h1>502 Bad Gateway</h1></center>\r\n<hr><center>nginx/1.21.1</center>\r\n</body>\r\n</html>\r\n'
WARNING:root:b'<html>\r\n<head><title>502 Bad Gateway</title></head>\r\n<body>\r\n<center><h1>502 Bad Gateway</h1></center>\r\n<hr><center>nginx/1.21.1</center>\r\n</body>\r\n</html>\r\n'
WARNING:root:b'<html>\r\n<head><title>502 Bad Gateway</title></head>\r\n<body>\r\n<center><h1>502 Bad Gateway</h1></center>\r\n<hr><center>nginx/1.21.1</center>\r\n</body>\r\n</html>\r\n'
WARNING:root:b'<html>\r\n<head><title>502 Bad Gateway</title></head>\r\n<body>\r\n<center><h1>502 Bad Gateway</h1></center>\r\n<hr><center>nginx/1.21.1</center>\r\n</body>\r\n</html>\r\n'
WARNING:root:b'<html>\r\n<head><title>502 Bad Gateway</title></head>\r\n<body>\r\n<center><h1>502 Bad Gateway</h1></center>\r\n<hr><center>nginx/1.21.1</center>\r\n</body>\r\n</html>\r\n'
WARNING:root:b'<html>\r\n<head><title>502 Bad Gateway</title></head>\r\n<body>\r\n<center><h1>502 Bad Gateway</h1></center>\r\n<hr><center>nginx/1.21.1</center>\r\n</body>\r\n</html>\r\n'
WARNING:root:b'<html>\r\n<head><title>502 Bad Gateway</title></head>\r\n<body>\r\n<center><h1>502 Bad Gateway</h1></center>\r\n<hr><center>nginx/1.21.1</center>\r\n</body>\r\n</html>\r\n'
WARNING:root:b'<html>\r\n<head><title>502 Bad Gateway</title></head>\r\n<body>\r\n<center><h1>502 Bad Gateway</h1></center>\r\n<hr><center>nginx/1.21.1</center>\r\n</body>\r\n</html>\r\n'
WARNING:root:b'<html>\r\n<head><title>502 Bad Gateway</title></head>\r\n<body>\r\n<center><h1>502 Bad Gateway</h1></center>\r\n<hr><center>nginx/1.21.1</center>\r\n</body>\r\n</html>\r\n'
WARNING:root:b'{"validation_error":{"couriers":[{"id":0,"courier_id":"Id must be positive integer"}]}}'
WARNING:root:b'{"couriers":[{"id":1}]}'
WARNING:root:b'{"couriers":[{"id":2}]}'
WARNING:root:b'{"couriers":[{"id":3}]}'
WARNING:root:b'{"couriers":[{"id":4}]}'
WARNING:root:b'{"couriers":[{"id":5}]}'
WARNING:root:b'{"couriers":[{"id":6}]}'
WARNING:root:b'{"couriers":[{"id":7}]}'
WARNING:root:b'{"couriers":[{"id":8}]}'
WARNING:root:b'{"couriers":[{"id":9}]}'
WARNING:root:b'{"validation_error":{"orders":[{"id":0,"order_id":"Id must be positive integer"}]}}'
WARNING:root:b'{"orders":[{"id":1}]}'
WARNING:root:b'{"orders":[{"id":2}]}'
WARNING:root:b'{"orders":[{"id":3}]}'
WARNING:root:b'{"orders":[{"id":4}]}'
WARNING:root:b'{"orders":[{"id":5}]}'
WARNING:root:b'{"orders":[{"id":6}]}'
WARNING:root:b'{"orders":[{"id":7}]}'
WARNING:root:b'{"orders":[{"id":8}]}'
WARNING:root:b'{"orders":[{"id":9}]}'
WARNING:root:b'<html>\r\n<head><title>502 Bad Gateway</title></head>\r\n<body>\r\n<center><h1>502 Bad Gateway</h1></center>\r\n<hr><center>nginx/1.21.1</center>\r\n</body>\r\n</html>\r\n'
WARNING:root:b'{"validation_error":{"couriers":[{"id":0,"courier_id":"Id must be positive integer"}]}}'
WARNING:root:b'{"couriers":[{"id":1}]}'
WARNING:root:b'{"couriers":[{"id":2}]}'
WARNING:root:b'{"couriers":[{"id":3}]}'
WARNING:root:b'{"couriers":[{"id":4}]}'
WARNING:root:b'{"couriers":[{"id":5}]}'
WARNING:root:b'{"couriers":[{"id":6}]}'
WARNING:root:b'{"couriers":[{"id":7}]}'
WARNING:root:b'{"couriers":[{"id":8}]}'
WARNING:root:b'{"couriers":[{"id":9}]}'
WARNING:root:b'{"validation_error":{"orders":[{"id":0,"order_id":"Id must be positive integer"}]}}'
WARNING:root:b'{"orders":[{"id":1}]}'
WARNING:root:b'{"orders":[{"id":2}]}'
WARNING:root:b'{"orders":[{"id":3}]}'
WARNING:root:b'{"orders":[{"id":4}]}'
WARNING:root:b'{"orders":[{"id":5}]}'
WARNING:root:b'{"orders":[{"id":6}]}'
WARNING:root:b'{"orders":[{"id":7}]}'
WARNING:root:b'{"orders":[{"id":8}]}'
WARNING:root:b'{"orders":[{"id":9}]}'
WARNING:root:b'<html>\r\n<head><title>502 Bad Gateway</title></head>\r\n<body>\r\n<center><h1>502 Bad Gateway</h1></center>\r\n<hr><center>nginx/1.21.1</center>\r\n</body>\r\n</html>\r\n'
WARNING:root:b'{"validation_error":{"couriers":[{"id":0,"courier_id":"Id must be positive integer"}]}}'
WARNING:root:b'{"couriers":[{"id":1}]}'
WARNING:root:b'{"couriers":[{"id":2}]}'
WARNING:root:b'{"couriers":[{"id":3}]}'
WARNING:root:b'{"couriers":[{"id":4}]}'
WARNING:root:b'{"couriers":[{"id":5}]}'
WARNING:root:b'{"couriers":[{"id":6}]}'
WARNING:root:b'{"couriers":[{"id":7}]}'
WARNING:root:b'{"couriers":[{"id":8}]}'
WARNING:root:b'{"couriers":[{"id":9}]}'
WARNING:root:b'{"validation_error":{"orders":[{"id":0,"order_id":"Id must be positive integer"}]}}'
WARNING:root:b'{"orders":[{"id":1}]}'
WARNING:root:b'{"orders":[{"id":2}]}'
WARNING:root:b'{"orders":[{"id":3}]}'
WARNING:root:b'{"orders":[{"id":4}]}'
WARNING:root:b'{"orders":[{"id":5}]}'
WARNING:root:b'{"orders":[{"id":6}]}'
WARNING:root:b'{"orders":[{"id":7}]}'
WARNING:root:b'{"orders":[{"id":8}]}'
WARNING:root:b'{"orders":[{"id":9}]}'
WARNING:root:b'<html>\r\n<head><title>502 Bad Gateway</title></head>\r\n<body>\r\n<center><h1>502 Bad Gateway</h1></center>\r\n<hr><center>nginx/1.21.1</center>\r\n</body>\r\n</html>\r\n'
WARNING:root:b'{"validation_error":{"couriers":[{"id":0,"courier_id":"Id must be positive integer"}]}}'
WARNING:root:b'{"couriers":[{"id":1}]}'
WARNING:root:b'{"couriers":[{"id":2}]}'
WARNING:root:b'{"couriers":[{"id":3}]}'
WARNING:root:b'{"couriers":[{"id":4}]}'
WARNING:root:b'{"couriers":[{"id":5}]}'
WARNING:root:b'{"couriers":[{"id":6}]}'
WARNING:root:b'{"couriers":[{"id":7}]}'
WARNING:root:b'{"couriers":[{"id":8}]}'
WARNING:root:b'{"couriers":[{"id":9}]}'
WARNING:root:b'{"validation_error":{"orders":[{"id":0,"order_id":"Id must be positive integer"}]}}'
WARNING:root:b'{"orders":[{"id":1}]}'
WARNING:root:b'{"orders":[{"id":2}]}'
WARNING:root:b'{"orders":[{"id":3}]}'
WARNING:root:b'{"orders":[{"id":4}]}'
WARNING:root:b'{"orders":[{"id":5}]}'
WARNING:root:b'{"orders":[{"id":6}]}'
WARNING:root:b'{"orders":[{"id":7}]}'
WARNING:root:b'{"orders":[{"id":8}]}'
WARNING:root:b'{"orders":[{"id":9}]}'
WARNING:root:b'<html>\r\n<head><title>502 Bad Gateway</title></head>\r\n<body>\r\n<center><h1>502 Bad Gateway</h1></center>\r\n<hr><center>nginx/1.21.1</center>\r\n</body>\r\n</html>\r\n'
WARNING:root:b'{"validation_error":{"couriers":[{"id":0,"courier_id":"Id must be positive integer"}]}}'
WARNING:root:b'{"couriers":[{"id":1}]}'
WARNING:root:b'{"couriers":[{"id":2}]}'
WARNING:root:b'{"couriers":[{"id":3}]}'
WARNING:root:b'{"couriers":[{"id":4}]}'
WARNING:root:b'{"couriers":[{"id":5}]}'
WARNING:root:b'{"couriers":[{"id":6}]}'
WARNING:root:b'{"couriers":[{"id":7}]}'
WARNING:root:b'{"couriers":[{"id":8}]}'
WARNING:root:b'{"couriers":[{"id":9}]}'
WARNING:root:b'{"validation_error":{"orders":[{"id":0,"order_id":"Id must be positive integer"}]}}'
WARNING:root:b'{"orders":[{"id":1}]}'
WARNING:root:b'{"orders":[{"id":2}]}'
WARNING:root:b'{"orders":[{"id":3}]}'
WARNING:root:b'{"orders":[{"id":4}]}'
WARNING:root:b'{"orders":[{"id":5}]}'
WARNING:root:b'{"orders":[{"id":6}]}'
WARNING:root:b'{"orders":[{"id":7}]}'
WARNING:root:b'{"orders":[{"id":8}]}'
WARNING:root:b'{"orders":[{"id":9}]}'
WARNING:root:b'<html>\r\n<head><title>504 Gateway Time-out</title></head>\r\n<body>\r\n<center><h1>504 Gateway Time-out</h1></center>\r\n<hr><center>nginx/1.21.1</center>\r\n</body>\r\n</html>\r\n'
WARNING:root:b'{"validation_error":{"couriers":[{"id":0,"courier_id":"Id must be positive integer"}]}}'
WARNING:root:b'{"validation_error":{"orders":[{"id":0,"order_id":"Id must be positive integer"}]}}'
WARNING:root:b'{"orders":[{"id":1}]}'
WARNING:root:b'{"orders":[{"id":2}]}'
WARNING:root:b'{"orders":[{"id":3}]}'
WARNING:root:b'{"orders":[{"id":4}]}'
WARNING:root:b''
root:2021-07-23 09:49:17,490	b'{"validation_error":{"couriers":[{"id":0,"courier_id":"Id must be positive integer"}]}}'
root:2021-07-23 09:49:17,813	b'{"validation_error":{"orders":[{"id":0,"order_id":"Id must be positive integer"}]}}'
root:2021-07-23 09:49:17,869	b'{"validation_error":{"orders":[{"id":1,"description":"There is an existing order with such id"}]}}'
root:2021-07-23 09:49:17,919	b'{"validation_error":{"orders":[{"id":2,"description":"There is an existing order with such id"}]}}'
root:2021-07-23 09:49:18,219	b'{"validation_error":{"orders":[{"id":3,"description":"There is an existing order with such id"}]}}'
root:2021-07-23 09:49:18,271	b'{"validation_error":{"orders":[{"id":4,"description":"There is an existing order with such id"}]}}'
root:2021-07-23 09:49:18,375	b''
root:2021-07-23 09:51:25,650	{"validation_error":{"couriers":[{"id":0,"courier_id":"Id must be positive integer"}]}} 400
root:2021-07-23 09:51:25,706	{"validation_error":{"orders":[{"id":0,"order_id":"Id must be positive integer"}]}} 400
root:2021-07-23 09:51:25,759	{"validation_error":{"orders":[{"id":1,"description":"There is an existing order with such id"}]}} 400
root:2021-07-23 09:51:26,086	{"validation_error":{"orders":[{"id":2,"description":"There is an existing order with such id"}]}} 400
root:2021-07-23 09:51:26,136	{"validation_error":{"orders":[{"id":3,"description":"There is an existing order with such id"}]}} 400
root:2021-07-23 09:51:26,180	{"validation_error":{"orders":[{"id":4,"description":"There is an existing order with such id"}]}} 400
root:2021-07-23 09:51:26,289	 400
root:2021-07-23 09:52:37,116	{"couriers":[{"id":1}]} 201
root:2021-07-23 09:52:37,425	{"validation_error":{"orders":[{"id":1,"description":"There is an existing order with such id"}]}} 400
root:2021-07-23 09:52:37,473	{"validation_error":{"orders":[{"id":2,"description":"There is an existing order with such id"}]}} 400
root:2021-07-23 09:52:37,520	{"validation_error":{"orders":[{"id":3,"description":"There is an existing order with such id"}]}} 400
root:2021-07-23 09:52:37,804	{"validation_error":{"orders":[{"id":4,"description":"There is an existing order with such id"}]}} 400
root:2021-07-23 09:52:37,855	{"orders":[{"id":5}]} 201
root:2021-07-23 09:53:37,873	<html>
<head><title>504 Gateway Time-out</title></head>
<body>
<center><h1>504 Gateway Time-out</h1></center>
<hr><center>nginx/1.21.1</center>
</body>
</html>
 504
root:2021-07-23 09:54:12,011	{"validation_error":{"couriers":[{"id":1,"description":"There is an existing courier with such id"}]}} 400
root:2021-07-23 09:54:12,071	{"validation_error":{"orders":[{"id":1,"description":"There is an existing order with such id"}]}} 400
root:2021-07-23 09:54:12,244	{"orders":[]} 200
root:2021-07-23 09:56:06,776	{"couriers":[{"id":1}]} 201
root:2021-07-23 09:56:07,122	{"orders":[{"id":1}]} 201
root:2021-07-23 09:57:07,140	<html>
<head><title>504 Gateway Time-out</title></head>
<body>
<center><h1>504 Gateway Time-out</h1></center>
<hr><center>nginx/1.21.1</center>
</body>
</html>
 504
root:2021-07-23 10:05:32,411	<html>
<head><title>502 Bad Gateway</title></head>
<body>
<center><h1>502 Bad Gateway</h1></center>
<hr><center>nginx/1.21.1</center>
</body>
</html>
 502
root:2021-07-23 10:05:32,425	<html>
<head><title>502 Bad Gateway</title></head>
<body>
<center><h1>502 Bad Gateway</h1></center>
<hr><center>nginx/1.21.1</center>
</body>
</html>
 502
root:2021-07-23 10:05:32,445	<html>
<head><title>502 Bad Gateway</title></head>
<body>
<center><h1>502 Bad Gateway</h1></center>
<hr><center>nginx/1.21.1</center>
</body>
</html>
 502
root:2021-07-23 10:05:48,106	{"validation_error":{"couriers":[{"id":1,"description":"There is an existing courier with such id"}]}} 400
root:2021-07-23 10:05:48,435	{"validation_error":{"orders":[{"id":1,"description":"There is an existing order with such id"}]}} 400
root:2021-07-23 10:55:27,036	<html>
<head><title>504 Gateway Time-out</title></head>
<body>
<center><h1>504 Gateway Time-out</h1></center>
<hr><center>nginx/1.21.1</center>
</body>
</html>
 504
root:2021-07-23 13:11:49,946	{"couriers":[{"id":1}]} 201
root:2021-07-23 13:11:50,260	{"orders":[{"id":1}]} 201
root:2021-07-23 13:12:50,290	<html>
<head><title>504 Gateway Time-out</title></head>
<body>
<center><h1>504 Gateway Time-out</h1></center>
<hr><center>nginx/1.21.1</center>
</body>
</html>
 504
root:2021-07-23 13:15:37,304	{"couriers":[{"id":1}]} 201
root:2021-07-23 13:15:37,612	{"orders":[{"id":1}]} 201
root:2021-07-23 13:16:36,825	{"orders":[]} 200
root:2021-07-23 13:27:34,575	{"couriers":[{"id":1}]} 201
root:2021-07-23 13:27:34,882	{"orders":[{"id":1}]} 201
root:2021-07-23 13:27:39,887	{"orders":[]} 200
root:2021-07-23 13:29:17,165	{"validation_error":{"couriers":[{"id":1,"description":"There is an existing courier with such id"}]}} 400
root:2021-07-23 13:29:17,467	{"validation_error":{"orders":[{"id":1,"description":"There is an existing order with such id"}]}} 400
root:2021-07-23 13:29:22,964	{"orders":[]} 200
root:2021-07-23 13:29:49,566	{"validation_error":{"couriers":[{"id":1,"description":"There is an existing courier with such id"}]}} 400
root:2021-07-23 13:29:49,622	{"validation_error":{"orders":[{"id":1,"description":"There is an existing order with such id"}]}} 400
root:2021-07-23 13:29:54,446	{"orders":[]} 200
root:2021-07-23 13:30:56,484	{"couriers":[{"id":1}]} 201
root:2021-07-23 13:30:56,796	{"orders":[{"id":1}]} 201
root:2021-07-23 13:31:03,037	{"orders":[]} 200
root:2021-07-23 13:35:57,125	{"couriers":[{"id":1}]} 201
root:2021-07-23 13:35:57,439	{"orders":[{"id":1}]} 201
root:2021-07-23 13:36:26,616	{"orders":[]} 200
root:2021-07-23 13:38:34,540	{"validation_error":{"couriers":[{"id":1,"description":"There is an existing courier with such id"}]}} 400
root:2021-07-23 13:38:34,590	{"validation_error":{"orders":[{"id":1,"description":"There is an existing order with such id"}]}} 400
root:2021-07-23 13:38:58,915	{"orders":[]} 200
root:2021-07-23 13:43:17,130	{"couriers":[{"id":1}]} 201
root:2021-07-23 13:43:17,441	{"orders":[{"id":1}]} 201
root:2021-07-23 13:43:31,475	{"orders":[]} 200
root:2021-07-23 13:49:38,984	{"couriers":[{"id":1}]} 201
root:2021-07-23 13:49:39,412	{"orders":[{"id":1}]} 201
root:2021-07-23 13:49:40,242	{"orders":[]} 200
root:2021-07-23 13:53:29,030	{"couriers":[{"id":1}]} 201
root:2021-07-23 13:53:29,365	{"orders":[{"id":1}]} 201
root:2021-07-23 13:53:29,904	{"orders":[]} 200
root:2021-07-23 21:49:55,104	{"couriers":[{"id":1}]} 201
root:2021-07-23 21:49:55,440	{"orders":[{"id":1}]} 201
root:2021-07-23 21:49:59,206	{"orders":[]} 200
root:2021-07-23 21:53:11,681	{"couriers":[{"id":1}]} 201
root:2021-07-23 21:53:12,007	{"orders":[{"id":1}]} 201
root:2021-07-23 21:53:15,694	{"orders":[]} 200
root:2021-07-23 22:00:06,612	{"couriers":[{"id":1}]} 201
root:2021-07-23 22:00:07,148	{"orders":[{"id":1}]} 201
root:2021-07-23 22:00:11,699	{"orders":[]} 200
root:2021-07-23 22:01:50,452	{"couriers":[{"id":1}]} 201
root:2021-07-23 22:01:50,912	{"orders":[{"id":1}]} 201
root:2021-07-23 22:01:54,767	{"orders":[]} 200
root:2021-07-23 22:16:07,420	{"couriers":[{"id":1}]} 201
root:2021-07-23 22:16:07,777	{"orders":[{"id":1}]} 201
root:2021-07-23 22:16:11,695	{"orders":[]} 200
root:2021-07-24 14:26:37,675	{"couriers":[{"id":1}]} 201
root:2021-07-24 14:26:37,940	{"orders":[{"id":1}]} 201
root:2021-07-24 14:26:42,143	{"orders":[]} 200
root:2021-07-24 14:42:12,010	{"couriers":[{"id":1}]} 201
root:2021-07-24 14:42:12,264	{"orders":[{"id":1}]} 201
root:2021-07-24 14:42:16,476	{"orders":[]} 200
